<?xml version="1.0" encoding="UTF-8"?>
<!-- Generated by org.testng.reporters.JUnitReportReporter -->
<testsuite skipped="0" hostname="Ibadats-MacBook-Pro.local" name="testngintroductions.HelloWorld" tests="1" failures="0" timestamp="27 May 2017 15:59:18 GMT" time="0.016" errors="0">
  <testcase name="sayHello" time="0.016" classname="testngintroductions.HelloWorld"/>
</testsuite> <!-- testngintroductions.HelloWorld -->
